[    0.000000] Linux version 4.15.0-142-generic (buildd@lgw01-amd64-036) (gcc version 7.5.0 (Ubuntu 7.5.0-3ubuntu1~18.04)) #146-Ubuntu SMP Tue Apr 13 01:11:19 UTC 2021 (Ubuntu 4.15.0-142.146-generic 4.15.18)
[    0.000000] Command line: BOOT_IMAGE=/boot/vmlinuz-4.15.0-142-generic root=LABEL=cloudimg-rootfs ro console=tty1 console=ttyS0
[    0.000000] KERNEL supported cpus:
[    0.000000]   Intel GenuineIntel
[    0.000000]   AMD AuthenticAMD
[    0.000000]   Centaur CentaurHauls
[    0.000000] x86/fpu: x87 FPU will use FXSAVE
[    0.000000] e820: BIOS-provided physical RAM map:
[    0.000000] BIOS-e820: [mem 0x0000000000000000-0x000000000009fbff] usable
[    0.000000] BIOS-e820: [mem 0x000000000009fc00-0x000000000009ffff] reserved
[    0.000000] BIOS-e820: [mem 0x00000000000f0000-0x00000000000fffff] reserved
[    0.000000] BIOS-e820: [mem 0x0000000000100000-0x000000001ffeffff] usable
[    0.000000] BIOS-e820: [mem 0x000000001fff0000-0x000000001fffffff] ACPI data
[    0.000000] BIOS-e820: [mem 0x00000000fec00000-0x00000000fec00fff] reserved
[    0.000000] BIOS-e820: [mem 0x00000000fee00000-0x00000000fee00fff] reserved
[    0.000000] BIOS-e820: [mem 0x00000000fffc0000-0x00000000ffffffff] reserved
[    0.000000] NX (Execute Disable) protection: active
[    0.000000] SMBIOS 2.5 present.
[    0.000000] DMI: innotek GmbH VirtualBox/VirtualBox, BIOS VirtualBox 12/01/2006
[    0.000000] Hypervisor detected: KVM
[    0.000000] e820: last_pfn = 0x1fff0 max_arch_pfn = 0x400000000
[    0.000000] MTRR: Disabled
[    0.000000] x86/PAT: MTRRs disabled, skipping PAT initialization too.
[    0.000000] CPU MTRRs all blank - virtualized system.
[    0.000000] x86/PAT: Configuration [0-7]: WB  WT  UC- UC  WB  WT  UC- UC  
[    0.000000] found SMP MP-table at [mem 0x0009fff0-0x0009ffff]
[    0.000000] Scanning 1 areas for low memory corruption
[    0.000000] RAMDISK: [mem 0x1db75000-0x1ee84fff]
[    0.000000] ACPI: Early table checksum verification disabled
[    0.000000] ACPI: RSDP 0x00000000000E0000 000024 (v02 VBOX  )
[    0.000000] ACPI: XSDT 0x000000001FFF0030 00003C (v01 VBOX   VBOXXSDT 00000001 ASL  00000061)
[    0.000000] ACPI: FACP 0x000000001FFF00F0 0000F4 (v04 VBOX   VBOXFACP 00000001 ASL  00000061)
[    0.000000] ACPI: DSDT 0x000000001FFF0470 002325 (v02 VBOX   VBOXBIOS 00000002 INTL 20100528)
[    0.000000] ACPI: FACS 0x000000001FFF0200 000040
[    0.000000] ACPI: FACS 0x000000001FFF0200 000040
[    0.000000] ACPI: APIC 0x000000001FFF0240 00005C (v02 VBOX   VBOXAPIC 00000001 ASL  00000061)
[    0.000000] ACPI: SSDT 0x000000001FFF02A0 0001CC (v01 VBOX   VBOXCPUT 00000002 INTL 20100528)
[    0.000000] No NUMA configuration found
[    0.000000] Faking a node at [mem 0x0000000000000000-0x000000001ffeffff]
[    0.000000] NODE_DATA(0) allocated [mem 0x1ffc5000-0x1ffeffff]
[    0.000000] kvm-clock: cpu 0, msr 0:1ff44001, primary cpu clock
[    0.000000] kvm-clock: Using msrs 4b564d01 and 4b564d00
[    0.000000] kvm-clock: using sched offset of 13400645094 cycles
[    0.000000] clocksource: kvm-clock: mask: 0xffffffffffffffff max_cycles: 0x1cd42e4dffb, max_idle_ns: 881590591483 ns
[    0.000000] Zone ranges:
[    0.000000]   DMA      [mem 0x0000000000001000-0x0000000000ffffff]
[    0.000000]   DMA32    [mem 0x0000000001000000-0x000000001ffeffff]
[    0.000000]   Normal   empty
[    0.000000]   Device   empty
[    0.000000] Movable zone start for each node
[    0.000000] Early memory node ranges
[    0.000000]   node   0: [mem 0x0000000000001000-0x000000000009efff]
[    0.000000]   node   0: [mem 0x0000000000100000-0x000000001ffeffff]
[    0.000000] Reserved but unavailable: 98 pages
[    0.000000] Initmem setup node 0 [mem 0x0000000000001000-0x000000001ffeffff]
[    0.000000] ACPI: PM-Timer IO Port: 0x4008
[    0.000000] IOAPIC[0]: apic_id 2, version 32, address 0xfec00000, GSI 0-23
[    0.000000] ACPI: INT_SRC_OVR (bus 0 bus_irq 0 global_irq 2 dfl dfl)
[    0.000000] ACPI: INT_SRC_OVR (bus 0 bus_irq 9 global_irq 9 low level)
[    0.000000] Using ACPI (MADT) for SMP configuration information
[    0.000000] smpboot: Allowing 2 CPUs, 0 hotplug CPUs
[    0.000000] PM: Registered nosave memory: [mem 0x00000000-0x00000fff]
[    0.000000] PM: Registered nosave memory: [mem 0x0009f000-0x0009ffff]
[    0.000000] PM: Registered nosave memory: [mem 0x000a0000-0x000effff]
[    0.000000] PM: Registered nosave memory: [mem 0x000f0000-0x000fffff]
[    0.000000] e820: [mem 0x20000000-0xfebfffff] available for PCI devices
[    0.000000] Booting paravirtualized kernel on KVM
[    0.000000] clocksource: refined-jiffies: mask: 0xffffffff max_cycles: 0xffffffff, max_idle_ns: 7645519600211568 ns
[    0.000000] random: get_random_bytes called from start_kernel+0x99/0x500 with crng_init=0
[    0.000000] setup_percpu: NR_CPUS:8192 nr_cpumask_bits:2 nr_cpu_ids:2 nr_node_ids:1
[    0.000000] percpu: Embedded 45 pages/cpu s147456 r8192 d28672 u1048576
[    0.000000] PV qspinlock hash table entries: 256 (order: 0, 4096 bytes)
[    0.000000] Built 1 zonelists, mobility grouping on.  Total pages: 128889
[    0.000000] Policy zone: DMA32
[    0.000000] Kernel command line: BOOT_IMAGE=/boot/vmlinuz-4.15.0-142-generic root=LABEL=cloudimg-rootfs ro console=tty1 console=ttyS0
[    0.000000] Memory: 466624K/523832K available (12300K kernel code, 2483K rwdata, 4316K rodata, 2444K init, 2724K bss, 57208K reserved, 0K cma-reserved)
[    0.000000] SLUB: HWalign=64, Order=0-3, MinObjects=0, CPUs=2, Nodes=1
[    0.000000] Kernel/User page tables isolation: enabled
[    0.000000] ftrace: allocating 39434 entries in 155 pages
[    0.004000] Hierarchical RCU implementation.
[    0.004000] 	RCU restricting CPUs from NR_CPUS=8192 to nr_cpu_ids=2.
[    0.004000] 	Tasks RCU enabled.
[    0.004000] RCU: Adjusting geometry for rcu_fanout_leaf=16, nr_cpu_ids=2
[    0.004000] NR_IRQS: 524544, nr_irqs: 440, preallocated irqs: 16
[    0.004000] Console: colour VGA+ 80x25
[    0.004000] console [tty1] enabled
[    0.004000] console [ttyS0] enabled
[    0.004000] ACPI: Core revision 20170831
[    0.004000] ACPI: 2 ACPI AML tables successfully acquired and loaded
[    0.004000] APIC: Switch to symmetric I/O mode setup
[    0.008000] ..TIMER: vector=0x30 apic1=0 pin1=2 apic2=-1 pin2=-1
[    0.008015] tsc: Detected 1895.692 MHz processor
[    0.012029] Calibrating delay loop (skipped) preset value.. 3791.38 BogoMIPS (lpj=7582768)
[    0.016016] pid_max: default: 32768 minimum: 301
[    0.020103] Security Framework initialized
[    0.024019] Yama: becoming mindful.
[    0.028083] AppArmor: AppArmor initialized
[    0.032364] Dentry cache hash table entries: 65536 (order: 7, 524288 bytes)
[    0.036099] Inode-cache hash table entries: 32768 (order: 6, 262144 bytes)
[    0.040495] Mount-cache hash table entries: 1024 (order: 1, 8192 bytes)
[    0.048030] Mountpoint-cache hash table entries: 1024 (order: 1, 8192 bytes)
[    0.057279] Last level iTLB entries: 4KB 512, 2MB 8, 4MB 8
[    0.060016] Last level dTLB entries: 4KB 512, 2MB 32, 4MB 32, 1GB 0
[    0.064021] Spectre V1 : Mitigation: usercopy/swapgs barriers and __user pointer sanitization
[    0.068019] Spectre V2 : Mitigation: Full generic retpoline
[    0.072014] Spectre V2 : Spectre v2 / SpectreRSB mitigation: Filling RSB on context switch
[    0.076014] Speculative Store Bypass: Vulnerable
[    0.080160] MDS: Mitigation: Clear CPU buffers
[    0.084685] Freeing SMP alternatives memory: 36K
[    0.180453] APIC calibration not consistent with PM-Timer: 102ms instead of 100ms
[    0.184000] APIC delta adjusted to PM-Timer: 6251911 (6414447)
[    0.185619] smpboot: CPU0: Intel(R) Core(TM) i3-3227U CPU @ 1.90GHz (family: 0x6, model: 0x3a, stepping: 0x9)
[    0.188000] Performance Events: unsupported p6 CPU model 58 no PMU driver, software events only.
[    0.188140] Hierarchical SRCU implementation.
[    0.193575] NMI watchdog: Perf event create on CPU 0 failed with -2
[    0.196015] NMI watchdog: Perf NMI watchdog permanently disabled
[    0.200182] smp: Bringing up secondary CPUs ...
[    0.204321] x86: Booting SMP configuration:
[    0.208251] .... node  #0, CPUs:      #1
[    0.004000] kvm-clock: cpu 1, msr 0:1ff44041, secondary cpu clock
[    0.243324] TSC synchronization [CPU#0 -> CPU#1]:
[    0.244000] Measured 113607 cycles TSC warp between CPUs, turning off TSC clock.
[    0.244000] tsc: Marking TSC unstable due to check_tsc_sync_source failed
[    0.252143] smp: Brought up 1 node, 2 CPUs
[    0.256028] smpboot: Max logical packages: 1
[    0.260025] smpboot: Total of 2 processors activated (7582.76 BogoMIPS)
[    0.276789] devtmpfs: initialized
[    0.280000] x86/mm: Memory block size: 128MB
[    0.280393] evm: security.selinux
[    0.284026] evm: security.SMACK64
[    0.288017] evm: security.SMACK64EXEC
[    0.296016] evm: security.SMACK64TRANSMUTE
[    0.300043] evm: security.SMACK64MMAP
[    0.304014] evm: security.apparmor
[    0.308011] evm: security.ima
[    0.312012] evm: security.capability
[    0.328049] clocksource: jiffies: mask: 0xffffffff max_cycles: 0xffffffff, max_idle_ns: 7645041785100000 ns
[    0.392043] futex hash table entries: 512 (order: 3, 32768 bytes)
[    0.424235] pinctrl core: initialized pinctrl subsystem
[    0.461036] RTC time: 20:18:20, date: 05/06/21
[    0.501158] NET: Registered protocol family 16
[    0.528434] audit: initializing netlink subsys (disabled)
[    0.568017] audit: type=2000 audit(1620332313.713:1): state=initialized audit_enabled=0 res=1
[    0.572028] cpuidle: using governor ladder
[    0.600045] cpuidle: using governor menu
[    0.628133] ACPI: bus type PCI registered
[    0.656020] acpiphp: ACPI Hot Plug PCI Controller Driver version: 0.5
[    0.700215] PCI: Using configuration type 1 for base access
[    0.760358] HugeTLB registered 2.00 MiB page size, pre-allocated 0 pages
[    0.772455] ACPI: Added _OSI(Module Device)
[    0.776019] ACPI: Added _OSI(Processor Device)
[    0.780016] ACPI: Added _OSI(3.0 _SCP Extensions)
[    0.788024] ACPI: Added _OSI(Processor Aggregator Device)
[    0.792034] ACPI: Added _OSI(Linux-Dell-Video)
[    0.796021] ACPI: Added _OSI(Linux-Lenovo-NV-HDMI-Audio)
[    0.800023] ACPI: Added _OSI(Linux-HPI-Hybrid-Graphics)
[    0.809779] ACPI: Executed 1 blocks of module-level executable AML code
[    0.841432] ACPI: Interpreter enabled
[    0.844060] ACPI: (supports S0 S5)
[    0.848017] ACPI: Using IOAPIC for interrupt routing
[    0.854080] PCI: Using host bridge windows from ACPI; if necessary, use "pci=nocrs" and report a bug
[    0.856703] ACPI: Enabled 2 GPEs in block 00 to 07
[    0.902990] ACPI: PCI Root Bridge [PCI0] (domain 0000 [bus 00-ff])
[    0.904047] acpi PNP0A03:00: _OSC: OS supports [ASPM ClockPM Segments MSI]
[    0.914127] acpi PNP0A03:00: _OSC: not requesting OS control; OS requires [ExtendedConfig ASPM ClockPM MSI]
[    0.916060] acpi PNP0A03:00: fail to add MMCONFIG information, can't access extended PCI configuration space under this bridge.
[    0.922090] PCI host bridge to bus 0000:00
[    0.924022] pci_bus 0000:00: root bus resource [io  0x0000-0x0cf7 window]
[    0.928025] pci_bus 0000:00: root bus resource [io  0x0d00-0xffff window]
[    0.932026] pci_bus 0000:00: root bus resource [mem 0x000a0000-0x000bffff window]
[    0.936021] pci_bus 0000:00: root bus resource [mem 0x20000000-0xfdffffff window]
[    0.940022] pci_bus 0000:00: root bus resource [bus 00-ff]
[    0.965760] pci 0000:00:01.1: legacy IDE quirk: reg 0x10: [io  0x01f0-0x01f7]
[    0.968021] pci 0000:00:01.1: legacy IDE quirk: reg 0x14: [io  0x03f6]
[    0.972021] pci 0000:00:01.1: legacy IDE quirk: reg 0x18: [io  0x0170-0x0177]
[    0.980024] pci 0000:00:01.1: legacy IDE quirk: reg 0x1c: [io  0x0376]
[    1.100660] pci 0000:00:07.0: quirk: [io  0x4000-0x403f] claimed by PIIX4 ACPI
[    1.104080] pci 0000:00:07.0: quirk: [io  0x4100-0x410f] claimed by PIIX4 SMB
[    1.168000] ACPI: PCI Interrupt Link [LNKA] (IRQs 5 9 10 *11)
[    1.173718] ACPI: PCI Interrupt Link [LNKB] (IRQs 5 9 *10 11)
[    1.176830] ACPI: PCI Interrupt Link [LNKC] (IRQs 5 *9 10 11)
[    1.188415] ACPI: PCI Interrupt Link [LNKD] (IRQs 5 9 10 *11)
[    1.200212] SCSI subsystem initialized
[    1.216107] pci 0000:00:02.0: vgaarb: setting as boot VGA device
[    1.220000] pci 0000:00:02.0: vgaarb: VGA device added: decodes=io+mem,owns=io+mem,locks=none
[    1.220231] pci 0000:00:02.0: vgaarb: bridge control possible
[    1.224016] vgaarb: loaded
[    1.228608] ACPI: bus type USB registered
[    1.232177] usbcore: registered new interface driver usbfs
[    1.236061] usbcore: registered new interface driver hub
[    1.244067] usbcore: registered new device driver usb
[    1.256408] EDAC MC: Ver: 3.0.0
[    1.272160] PCI: Using ACPI for IRQ routing
[    1.278183] NetLabel: Initializing
[    1.280014] NetLabel:  domain hash size = 128
[    1.284183] NetLabel:  protocols = UNLABELED CIPSOv4 CALIPSO
[    1.288200] NetLabel:  unlabeled traffic allowed by default
[    1.304844] clocksource: Switched to clocksource kvm-clock
[    1.364564] VFS: Disk quotas dquot_6.6.0
[    1.364564] VFS: Dquot-cache hash table entries: 512 (order 0, 4096 bytes)
[    1.364564] AppArmor: AppArmor Filesystem Enabled
[    1.364564] pnp: PnP ACPI init
[    1.559341] pnp: PnP ACPI: found 3 devices
[    1.738234] clocksource: acpi_pm: mask: 0xffffff max_cycles: 0xffffff, max_idle_ns: 2085701024 ns
[    1.740256] NET: Registered protocol family 2
[    1.772818] TCP established hash table entries: 4096 (order: 3, 32768 bytes)
[    1.792782] TCP bind hash table entries: 4096 (order: 4, 65536 bytes)
[    1.809876] TCP: Hash tables configured (established 4096 bind 4096)
[    1.812786] UDP hash table entries: 256 (order: 1, 8192 bytes)
[    1.812786] UDP-Lite hash table entries: 256 (order: 1, 8192 bytes)
[    1.812786] NET: Registered protocol family 1
[    1.812786] pci 0000:00:00.0: Limiting direct PCI/PCI transfers
[    1.812786] pci 0000:00:01.0: Activating ISA DMA hang workarounds
[    1.812786] pci 0000:00:02.0: Video device with shadowed ROM at [mem 0x000c0000-0x000dffff]
[    1.812786] Unpacking initramfs...
[    4.300216] Freeing initrd memory: 19520K
[    4.321358] clocksource: tsc: mask: 0xffffffffffffffff max_cycles: 0x36a68d33a84, max_idle_ns: 881590767250 ns
[    4.358319] platform rtc_cmos: registered platform RTC device (no PNP device found)
[    4.395536] Scanning for low memory corruption every 60 seconds
[    4.431020] Initialise system trusted keyrings
[    4.444336] Key type blacklist registered
[    4.458040] workingset: timestamp_bits=36 max_order=17 bucket_order=0
[    4.492385] zbud: loaded
[    4.527313] squashfs: version 4.0 (2009/01/31) Phillip Lougher
[    4.554632] fuse init (API version 7.26)
[    4.634578] Key type asymmetric registered
[    4.646395] Asymmetric key parser 'x509' registered
[    4.660323] Block layer SCSI generic (bsg) driver version 0.4 loaded (major 246)
[    4.693131] io scheduler noop registered
[    4.705154] io scheduler deadline registered
[    4.722056] io scheduler cfq registered (default)
[    4.740870] ACPI: AC Adapter [AC] (on-line)
[    4.753549] input: Power Button as /devices/LNXSYSTM:00/LNXPWRBN:00/input/input0
[    4.775496] ACPI: Power Button [PWRF]
[    4.788963] input: Sleep Button as /devices/LNXSYSTM:00/LNXSLPBN:00/input/input1
[    4.812705] ACPI: Sleep Button [SLPF]
[    4.849317] ACPI: Battery Slot [BAT0] (battery present)
[    4.866716] Serial: 8250/16550 driver, 32 ports, IRQ sharing enabled
[    4.985697] 00:02: ttyS0 at I/O 0x3f8 (irq = 4, base_baud = 115200) is a 16550A
[    5.066684] Linux agpgart interface v0.103
[    5.107144] loop: module loaded
[    5.124719] scsi host0: ata_piix
[    5.141536] scsi host1: ata_piix
[    5.152579] ata1: PATA max UDMA/33 cmd 0x1f0 ctl 0x3f6 bmdma 0xd000 irq 14
[    5.168728] ata2: PATA max UDMA/33 cmd 0x170 ctl 0x376 bmdma 0xd008 irq 15
[    5.205096] libphy: Fixed MDIO Bus: probed
[    5.228448] tun: Universal TUN/TAP device driver, 1.6
[    5.249807] PPP generic driver version 2.4.2
[    5.264362] ehci_hcd: USB 2.0 'Enhanced' Host Controller (EHCI) Driver
[    5.317595] ehci-pci: EHCI PCI platform driver
[    5.361451] ehci-platform: EHCI generic platform driver
[    5.404485] ohci_hcd: USB 1.1 'Open' Host Controller (OHCI) Driver
[    5.441343] ohci-pci: OHCI PCI platform driver
[    5.454847] ohci-platform: OHCI generic platform driver
[    5.491031] uhci_hcd: USB Universal Host Controller Interface driver
[    5.537815] i8042: PNP: PS/2 Controller [PNP0303:PS2K,PNP0f03:PS2M] at 0x60,0x64 irq 1,12
[    5.617375] serio: i8042 KBD port at 0x60,0x64 irq 1
[    5.630870] serio: i8042 AUX port at 0x60,0x64 irq 12
[    5.654996] mousedev: PS/2 mouse device common for all mice
[    5.691047] rtc_cmos rtc_cmos: rtc core: registered rtc_cmos as rtc0
[    5.698599] input: AT Translated Set 2 keyboard as /devices/platform/i8042/serio0/input/input2
[    5.710748] rtc_cmos rtc_cmos: alarms up to one day, 114 bytes nvram
[    5.780497] i2c /dev entries driver
[    5.795648] device-mapper: uevent: version 1.0.3
[    5.809868] device-mapper: ioctl: 4.37.0-ioctl (2017-09-20) initialised: dm-devel@redhat.com
[    5.837136] ledtrig-cpu: registered to indicate activity on CPUs
[    5.860142] NET: Registered protocol family 10
[    5.909087] Segment Routing with IPv6
[    5.919880] NET: Registered protocol family 17
[    5.934349] Key type dns_resolver registered
[    5.954896] mce: Using 0 MCE banks
[    5.965797] RAS: Correctable Errors collector initialized.
[    5.986311] sched_clock: Marking stable (5986138297, 0)->(10509109449, -4522971152)
[    6.030065] registered taskstats version 1
[    6.041279] Loading compiled-in X.509 certificates
[    6.070440] Loaded X.509 cert 'Build time autogenerated kernel key: 028139f94c642d40642d50ab098c4e7b0aebaa81'
[    6.106289] Loaded X.509 cert 'Canonical Ltd. Live Patch Signing: 14df34d1a87cf37625abec039ef2bf521249b969'
[    6.144521] Loaded X.509 cert 'Canonical Ltd. Kernel Module Signing: 88f752e560a1e0737e31163a466ad7b70a850c19'
[    6.206282] zswap: loaded using pool lzo/zbud
[    6.281342] Key type big_key registered
[    6.299531] Key type trusted registered
[    6.328794] Key type encrypted registered
[    6.339319] AppArmor: AppArmor sha1 policy hashing enabled
[    6.357242] ima: No TPM chip found, activating TPM-bypass! (rc=-19)
[    6.379477] ima: Allocated hash algorithm: sha1
[    6.401454] evm: HMAC attrs: 0x1
[    6.414012]   Magic number: 5:836:345
[    6.424412] tty tty62: hash matches
[    6.440432] rtc_cmos rtc_cmos: setting system clock to 2021-05-06 20:18:28 UTC (1620332308)
[    6.472778] BIOS EDD facility v0.16 2004-Jun-25, 0 devices found
[    6.490745] EDD information not available.
[    6.515145] Freeing unused kernel image memory: 2444K
[    6.540925] Write protecting the kernel read-only data: 20480k
[    6.558541] Freeing unused kernel image memory: 2008K
[    6.575034] Freeing unused kernel image memory: 1828K
[    6.618319] x86/mm: Checked W+X mappings: passed, no W+X pages found.
[    6.632821] x86/mm: Checking user space page tables
[    6.670593] x86/mm: Checked W+X mappings: passed, no W+X pages found.
Loading, please wait...
starting version 237
[    7.198458] Fusion MPT base driver 3.04.20
[    7.216686] Copyright (c) 1999-2008 LSI Corporation
[    7.257467] e1000: Intel(R) PRO/1000 Network Driver - version 7.3.21-k8-NAPI
[    7.293937] e1000: Copyright (c) 1999-2006 Intel Corporation.
[    7.434841] Fusion MPT SPI Host driver 3.04.20
[    7.465475] mptbase: ioc0: Initiating bringup
[    7.621158] input: ImExPS/2 Generic Explorer Mouse as /devices/platform/i8042/serio1/input/input4
[    7.719279] ioc0: LSI53C1030 A0: Capabilities={Initiator}
[    8.082156] scsi host2: ioc0: LSI53C1030 A0, FwRev=00000000h, Ports=1, MaxQ=256, IRQ=20
[    8.289519] scsi 2:0:0:0: Direct-Access     VBOX     HARDDISK         1.0  PQ: 0 ANSI: 5
[    8.708838] scsi target2:0:0: Beginning Domain Validation
[    8.777004] scsi target2:0:0: Domain Validation skipping write tests
[    8.795027] scsi target2:0:0: Ending Domain Validation
[    8.814437] scsi target2:0:0: asynchronous
[    8.831720] scsi 2:0:1:0: Direct-Access     VBOX     HARDDISK         1.0  PQ: 0 ANSI: 5
[    9.211200] scsi target2:0:1: Beginning Domain Validation
[    9.241264] random: fast init done
[    9.276678] scsi target2:0:1: Domain Validation skipping write tests
[    9.294113] scsi target2:0:1: Ending Domain Validation
[    9.343808] scsi target2:0:1: asynchronous
[    9.413496] random: systemd-udevd: uninitialized urandom read (16 bytes read)
[    9.445323] sd 2:0:0:0: Attached scsi generic sg0 type 0
[    9.457817] sd 2:0:1:0: Attached scsi generic sg1 type 0
[    9.491257] sd 2:0:0:0: [sda] 83886080 512-byte logical blocks: (42.9 GB/40.0 GiB)
[    9.513007] random: systemd-udevd: uninitialized urandom read (16 bytes read)
[    9.560838] sd 2:0:0:0: [sda] Write Protect is off
[    9.602882] random: systemd-udevd: uninitialized urandom read (16 bytes read)
[    9.625980] sd 2:0:0:0: [sda] Incomplete mode parameter data
[    9.679386] sd 2:0:0:0: [sda] Assuming drive cache: write through
[    9.724878] sd 2:0:1:0: [sdb] 20480 512-byte logical blocks: (10.5 MB/10.0 MiB)
[    9.780488]  sda: sda1
[    9.791791] sd 2:0:1:0: [sdb] Write Protect is off
[    9.867426] sd 2:0:1:0: [sdb] Incomplete mode parameter data
[    9.884911] sd 2:0:1:0: [sdb] Assuming drive cache: write through
[    9.970445] sd 2:0:0:0: [sda] Attached SCSI disk
[   10.027190] sd 2:0:1:0: [sdb] Attached SCSI disk
[   11.327561] e1000 0000:00:03.0 eth0: (PCI:33MHz:32-bit) 02:f3:7b:02:da:50
[   11.356229] e1000 0000:00:03.0 eth0: Intel(R) PRO/1000 Network Connection
[   14.097327] e1000 0000:00:08.0 eth1: (PCI:33MHz:32-bit) 08:00:27:e2:18:b2
[   14.117266] e1000 0000:00:08.0 eth1: Intel(R) PRO/1000 Network Connection
[   14.182752] e1000 0000:00:03.0 enp0s3: renamed from eth0
[   14.223333] e1000 0000:00:08.0 enp0s8: renamed from eth1
Begin: Loading essential drivers ... [   20.149407] raid6: sse2x1   gen()  2214 MB/s
[   20.209711] raid6: sse2x1   xor()  1494 MB/s
[   20.273446] raid6: sse2x2   gen()  2649 MB/s
[   20.333096] raid6: sse2x2   xor()  2094 MB/s
[   20.392629] raid6: sse2x4   gen()  3591 MB/s
[   20.448414] raid6: sse2x4   xor()  2214 MB/s
[   20.459814] raid6: using algorithm sse2x4 gen() 3591 MB/s
[   20.475300] raid6: .... xor() 2214 MB/s, rmw enabled
[   20.489461] raid6: using ssse3x2 recovery algorithm
[   20.518312] xor: measuring software checksum speed
[   20.568298]    prefetch64-sse:  5864.000 MB/sec
[   20.620415]    generic_sse:  5898.000 MB/sec
[   20.635170] xor: using function: generic_sse (5898.000 MB/sec)
[   20.665165] async_tx: api initialized (async)
done.
Begin: Running /scripts/init-premount ... done.
Begin: Mounting root file system ... Begin: Running /scripts/local-top ... done.
Begin: Running /scripts/local-premount ... [   20.927158] Btrfs loaded, crc32c=crc32c-intel
Scanning for Btrfs filesystems
done.
Warning: fsck not present, so skipping root file system
[   21.182460] EXT4-fs (sda1): mounted filesystem with ordered data mode. Opts: (null)
done.
Begin: Running /scripts/local-bottom ... done.
Begin: Running /scripts/init-bottom ... done.
[   22.067487] ip_tables: (C) 2000-2006 Netfilter Core Team
[   22.201094] systemd[1]: systemd 237 running in system mode. (+PAM +AUDIT +SELINUX +IMA +APPARMOR +SMACK +SYSVINIT +UTMP +LIBCRYPTSETUP +GCRYPT +GNUTLS +ACL +XZ +LZ4 +SECCOMP +BLKID +ELFUTILS +KMOD -IDN2 +IDN -PCRE2 default-hierarchy=hybrid)
[   22.254538] systemd[1]: Detected virtualization oracle.
[   22.274057] systemd[1]: Detected architecture x86-64.

Welcome to [1mUbuntu 18.04.5 LTS[0m!

[   22.495659] systemd[1]: Set hostname to <ubuntu>.
[   22.560613] systemd[1]: Initializing machine ID from random generator.
[   22.590851] systemd[1]: Installed transient /etc/machine-id file.
[   23.027360] random: crng init done
[   23.042618] random: 7 urandom warning(s) missed due to ratelimiting
[   24.039404] systemd[1]: Reached target User and Group Name Lookups.
[[0;32m  OK  [0m] Reached target User and Group Name Lookups.
[   24.078800] systemd[1]: Started Forward Password Requests to Wall Directory Watch.
[[0;32m  OK  [0m] Started Forward Password Requests to Wall Directory Watch.
[   24.198210] systemd[1]: Created slice System Slice.
[[0;32m  OK  [0m] Created slice System Slice.
[   24.230946] systemd[1]: Listening on Journal Socket.
[[0;32m  OK  [0m] Listening on Journal Socket.
         Starting Create list of required st…ce nodes for the current kernel...
         Starting Set the console keyboard layout...
[[0;32m  OK  [0m] Listening on LVM2 poll daemon socket.
         Starting Uncomplicated firewall...
         Mounting POSIX Message Queue File System...
[[0;32m  OK  [0m] Listening on /dev/initctl Compatibility Named Pipe.
[[0;32m  OK  [0m] Listening on Journal Audit Socket.
[[0;32m  OK  [0m] Listening on Device-mapper event daemon FIFOs.
[[0;32m  OK  [0m] Listening on fsck to fsckd communication Socket.
[[0;32m  OK  [0m] Listening on udev Control Socket.
         Mounting Kernel Debug File System...
[[0;32m  OK  [0m] Listening on Syslog Socket.
[[0;32m  OK  [0m] Listening on Journal Socket (/dev/log).
[[0;32m  OK  [0m] Reached target System Time Synchronized.
[[0;32m  OK  [0m] Created slice system-serial\x2dgetty.slice.
         Mounting Huge Pages File System...
         Starting Load Kernel Modules...
         Starting Journal Service...
         Starting File System Check on Root Device...
[[0;32m  OK  [0m] Set up automount Arbitrary Executab…rmats File System Automount Point.
[[0;32m  OK  [0m] Listening on LVM[   24.812993] Loading iSCSI transport class v2.0-870.
2 metadata daemon socket.
         Starting Monitoring of LVM2 mirrors…ng dmeventd or progress polling...
[[0;32m  OK  [0m] Listening on udev Kernel Socket.
[[0;32m  OK  [0m] Listening on Network Service Netlink Socket.
[[0;32m  OK  [0m] Created slice User and Session Slice.
[[0;32m  OK  [0m] Reached target Slices.
[[0;32m  OK  [0m] Reached target Swap.
         Starting udev Coldplug all Devices...
[[0;32m  OK  [0m] Started Create list of required sta…vice nodes for the current kernel.[   25.107059] iscsi: registered transport (tcp)

[[0;32m  OK  [0m] Started Uncomplicated firewall.
[[0;32m  OK  [0m] Mounted POSIX Message Queue File System.
[[0;32m  OK  [0m] Mounted Kernel Debug File System.
[[0;32m  OK  [0m] Mounted Huge Pages File System.
[[0;32m  OK  [0m] Started File System Check on Root Device.
[[0;32m  OK  [0m] Started LVM2 metadata daemon.
[[0;32m  OK  [0m] Started File System Check Daemon to report status.
         Starting Remount Root and Kernel File Systems...
         Starting Create Static Device Nodes in /dev...
[[0;32m  OK  [0m] Started Set the console keyboard layout.
[[0;32m  OK  [0m[   25.637486] EXT4-fs (sda1): re-mounted. Opts: (null)
] Started Monitoring of LVM2 mirrors,…sing dmeventd or progress polling.
[   25.705357] iscsi: registered transport (iser)
[[0;32m  OK  [0m] Started Journal Service.
[[0;32m  OK  [0m] Started Remount Root and Kernel File Systems.
[[0;32m  OK  [0m] Started Load Kernel Modules.
[[0;32m  OK  [0m] Started Create Static Device Nodes in /dev.
         Starting Apply Kernel Variables...
         Mounting FUSE Control File System...
         Mounting Kernel Configuration File System...
         Starting udev Kernel Device Manager...
[[0;32m  OK  [0m] Reached target Local File Systems (Pre).
[[0;32m  OK  [0m] Reached target Local File Systems.
         Starting Commit a transient machine-id on disk...
         Starting AppArmor initialization...
         Starting Tell Plymouth To Write Out Runtime Data...
         Starting ebtables ruleset management...
         Starting Set console font and keymap...
         Starting Load/Save Random Seed...
         Starting Flush Journal to Persistent Storage...
[[0;32m  OK  [0m] Started udev Coldplug all Devices.
[[0;32m  OK  [0m] Started Apply Kernel Variables.
[[0;32m  OK  [0m] Mounted FUSE Control File System.
[[0;32m  OK  [0m] Mounted Kernel Configuration File System.
[[0;32m  OK  [0m] Started Commit a transient machine-id on disk.
[[0;32m  OK  [0m] Started Tell Plymouth To Write Out Runtime Data.
[[0;32m  OK  [0m] Started Set console font and keymap.
[[0;32m  OK  [0m] Started Load/Save Random Seed.
[[0;32m  OK  [0m] Started udev Kernel Device Manager.
[[0;32m  OK  [0m] Started Flush Journal to Persistent Storage.
[[0;32m  OK  [0m] Started ebtables ruleset management.
         Starting Create Volatile Files and Directories...
[[0;32m  OK  [0m] Started Dispatch Password Requests to Console Directory Watch.
[[0;32m  OK  [0m] Reached target Local Encrypted Volumes.
[[0;32m  OK  [0m] Started Create Volatile Files and Directories.
         Starting Update UTMP about System Boot/Shutdown...
[[0;32m  OK  [0m] Started Update UTMP about System Boot/Shutdown.
[[0;32m  OK  [0m] Found device /dev/ttyS0.
[[0;32m  OK  [0m] Listening on Load/Save RF Kill Switch Status /dev/rfkill Watch.
[[0;32m  OK  [0m] Started AppArmor initialization.
         Starting Load AppArmor profiles managed internally by snapd...
         Starting Initial cloud-init job (pre-networking)...
[[0;32m  OK  [0m] Started Load AppArmor profiles managed internally by snapd.
[   41.738578] cloud-init[550]: Cloud-init v. 21.1-19-gbad84ad4-0ubuntu1~18.04.1 running 'init-local' at Thu, 06 May 2021 20:19:01 +0000. Up 39.48 seconds.
[[0;32m  OK  [0m] Started Initial cloud-init job (pre-networking).
[[0;32m  OK  [0m] Reached target Network (Pre).
         Starting Network Service...
[[0;32m  OK  [0m] Started Network Service.
         Starting Network Name Resolution...
         Starting Wait for Network to be Configured...
[[0;32m  OK  [0m] Started Network Name Resolution.
[[0;32m  OK  [0m] Reached target Network.
[[0;32m  OK  [0m] Reached target Host and Network Name Lookups.
[[0;32m  OK  [0m] Started Wait for Network to be Configured.
         Starting Initial cloud-init job (metadata service crawler)...
[   47.547276] cloud-init[653]: Cloud-init v. 21.1-19-gbad84ad4-0ubuntu1~18.04.1 running 'init' at Thu, 06 May 2021 20:19:08 +0000. Up 46.71 seconds.
[   47.582063] cloud-init[653]: ci-info: ++++++++++++++++++++++++++++++++++++++Net device info+++++++++++++++++++++++++++++++++++++++
[   47.610394] cloud-init[653]: ci-info: +--------+-------+----------------------------+---------------+--------+-------------------+
[   47.638125] cloud-init[653]: ci-info: | Device |   Up  |          Address           |      Mask     | Scope  |     Hw-Address    |
[   47.661665] cloud-init[653]: ci-info: +--------+-------+----------------------------+---------------+--------+-------------------+
[   47.685737] cloud-init[653]: ci-info: | enp0s3 |  True |         10.0.2.15          | 255.255.255.0 | global | 02:f3:7b:02:da:50 |
[   47.713894] cloud-init[653]: ci-info: | enp0s3 |  True | fe80::f3:7bff:fe02:da50/64 |       .       |  link  | 02:f3:7b:02:da:50 |
[   47.738866] cloud-init[653]: ci-info: | enp0s8 | False |             .              |       .       |   .    | 08:00:27:e2:18:b2 |
[   47.766650] cloud-init[653]: ci-info: |   lo   |  True |         127.0.0.1          |   255.0.0.0   |  host  |         .         |
[   47.795490] cloud-init[653]: ci-info: |   lo   |  True |          ::1/128           |       .       |  host  |         .         |
[   47.831110] cloud-init[653]: ci-info: +--------+-------+----------------------------+---------------+--------+-------------------+
[   47.862281] cloud-init[653]: ci-info: ++++++++++++++++++++++++++++Route IPv4 info+++++++++++++++++++++++++++++
[   47.899388] cloud-init[653]: ci-info: +-------+-------------+----------+-----------------+-----------+-------+
[   47.925501] cloud-init[653]: ci-info: | Route | Destination | Gateway  |     Genmask     | Interface | Flags |
[   47.947637] cloud-init[653]: ci-info: +-------+-------------+----------+-----------------+-----------+-------+
[   47.979226] cloud-init[653]: ci-info: |   0   |   0.0.0.0   | 10.0.2.2 |     0.0.0.0     |   enp0s3  |   UG  |
[   48.014818] cloud-init[653]: ci-info: |   1   |   10.0.2.0  | 0.0.0.0  |  255.255.255.0  |   enp0s3  |   U   |
[   48.036986] cloud-init[653]: ci-info: |   2   |   10.0.2.2  | 0.0.0.0  | 255.255.255.255 |   enp0s3  |   UH  |
[   48.056979] cloud-init[653]: ci-info: +-------+-------------+----------+-----------------+-----------+-------+
[   48.097851] cloud-init[653]: ci-info: +++++++++++++++++++Route IPv6 info+++++++++++++++++++
[   48.131368] cloud-init[653]: ci-info: +-------+-------------+---------+-----------+-------+
[   48.166547] cloud-init[653]: ci-info: | Route | Destination | Gateway | Interface | Flags |
[   48.188188] cloud-init[653]: ci-info: +-------+-------------+---------+-----------+-------+
[   48.215887] cloud-init[653]: ci-info: |   1   |  fe80::/64  |    ::   |   enp0s3  |   U   |
[   48.241304] cloud-init[653]: ci-info: |   3   |    local    |    ::   |   enp0s3  |   U   |
[   48.269355] cloud-init[653]: ci-info: |   4   |   ff00::/8  |    ::   |   enp0s3  |   U   |
[   48.318371] cloud-init[653]: ci-info: +-------+-------------+---------+-----------+-------+
[   52.403926] cloud-init[653]: Generating public/private rsa key pair.
[   52.433932] cloud-init[653]: Your identification has been saved in /etc/ssh/ssh_host_rsa_key.
[   52.444772] cloud-init[653]: Your public key has been saved in /etc/ssh/ssh_host_rsa_key.pub.
[   52.454631] cloud-init[653]: The key fingerprint is:
[   52.462509] cloud-init[653]: SHA256:AjIGvU5KsSE7hb49djjmu2BSdgLb6MAw2MbcTH1FW4M root@ubuntu-bionic
[   52.474592] cloud-init[653]: The key's randomart image is:
[   52.481689] cloud-init[653]: +---[RSA 2048]----+
[   52.487172] cloud-init[653]: |.o  ..   oo.o    |
[   52.493875] cloud-init[653]: |+Bo+  . . Eo .   |
[   52.503352] cloud-init[653]: |Bo%.+  .  .      |
[   52.513244] cloud-init[653]: |=%oo .           |
[   52.527934] cloud-init[653]: |=*B o . S        |
[   52.545604] cloud-init[653]: |++.X . .         |
[   52.565310] cloud-init[653]: |.++ +            |
[   52.579775] cloud-init[653]: |o ..             |
[   52.597122] cloud-init[653]: |   oo            |
[   52.652888] cloud-init[653]: +----[SHA256]-----+
[   52.682387] cloud-init[653]: Generating public/private dsa key pair.
[   52.712871] cloud-init[653]: Your identification has been saved in /etc/ssh/ssh_host_dsa_key.
[[0;32m  OK  [0m] Started Initial cloud-init job (metadata service crawler).
[[0;32m  OK  [0m] Reached target Network is Online.
[   52.740946] cloud-init[653]: Your public key has been saved in /etc/ssh/ssh_host_dsa_key.pub.
[   52.756061] cloud-init[653]: The key fingerprint is:
[   52.762314] cloud-init[653]: SHA256:qQFRNFCMtH8aKQHY0u466fesFgj0EDlydRvYdFIQwSc root@ubuntu-bionic
[   52.773817] cloud-init[653]: The key's randomart image is:
[   52.779799] cloud-init[653]: +---[DSA 1024]----+
[   52.785615] cloud-init[653]: | =+o=%&=o        |
[   52.815852]          Starting Availability of block devices...
[[0;32m  OK  [0m] Reached target Remote File Systems (Pre).
[[0;32m  OK  [0m] Reached target Remote File Systems.
[[0;32m  OK  [0m] Reached target System Initialization.
[cloud-init[653]: |+=+.o+E*.        |
[0;32m  OK  [0m] Listening on ACPID Listen Socket.
[   52.866484]          Starting Socket activation for snappy daemon.
[[0;32m  OK  [0m] Listening on D-Bus System Message Bus Socket.
         Starting LXD - unix socket.
[[0;32m  OK  [0m] Started Discard unused blocks once a week.
[[0;32m  OK  [0m] Started Daily Cleanup of Temporary Directories.
[[0;32m  OK  [0m] Started Daily apt download activities.
[[0;32m  OK  [0m] Started Message of the Day.
[[0;32m  OK  [0m] Started Daily apt upgrade and clean activities.
[[0;32m  OK  [0m] Reached target Timers.
[[0;32m  OK  [0m] Listening on UUID daemon activation socket.
[[0;32m  OK  [0m] Started ACPI Events Check.
[[0;32m  OK  [0m] Reached target Paths.
[[0;32m  OK  [0m] Listening on Open-iSCSI iscsid Socket.
[[0;32m  OK  [0m] Reached target Cloud-config availability.
[[0;32m  OK  [0m] Started Availability of block devices.
cloud-init[653]: |o++ + .o         |
[   52.999413] cloud-init[653]: |. .. + . .       |
[[0;32m  OK  [0m] Listening on Socket activation for snappy daemon.
[[0;32m  OK  [0m] Listening on LXD - unix socket.
[[0;32m  OK  [0m] Reached target Sockets.
[   53.033714] cloud-init[653]: |... . = S        |
[[0;32m  OK  [0m] Reached target Basic System.
         Starting Accounts Service...
[[0;32m  OK  [0m] Started D-Bus System Message Bus.
[   53.073111] cloud-init[653]: | ... . *         |
[   53.102046] cloud-init[653]: | o  . o          |
[   53.118607] cloud-init[653]: |+  o.            |
[   53.132764] cloud-init[653]: |.oo.oo           |
[   53.160338] cloud-init[653]: +----[SHA256]-----+
[   53.179526] cloud-init[653]: Generating public/private ecdsa key pair.
[   53.205115] cloud-init[653]: Your identification has been saved in /etc/ssh/ssh_host_ecdsa_key.
[   53.226950] cloud-init[653]: Your public key has been saved in /etc/ssh/ssh_host_ecdsa_key.pub.
[   53.245264] cloud-init[653]: The key fingerprint is:
[   53.286845] cloud-init[653]: SHA256:d5Y78PoJufIrlG9/J412klbt6CrxguG0VuTeuHWjkRc root@ubuntu-bionic
[   53.316095] cloud-init[653]: The key's randomart image is:
[   53.336455] cloud-init[653]:          Starting Permit User Sessions...
         Starting Login Service...
+---[ECDSA 256]---+
         Starting System Logging Service...
         Starting Pollinate to seed the pseudo random number generator...
[[0;32m  OK  [0m] Started Regular background program processing daemon.
         Starting Virtualbox guest utils...
[[0;32m  OK  [0m] Started irqbalance daemon.
[[0;32m  OK  [0m] Started FUSE filesystem for LXC.
         Starting LXD - container startup/shutdown...
         Starting LSB: automatic crash report generation...
         Starting LSB: Record successful boot for GRUB...
[   53.559606] cloud-init[653]: |                 |
[   53.599086] cloud-init[653]: |                 |
[   53.691371]          Starting Dispatcher daemon for systemd-networkd...
cloud-init[[0;32m  OK  [0m] Started Deferred execution scheduler.
[653]: |                 |
[   53.850753] cloud-init[653]: |          .  .   |
[   53.878491] cloud-init[653]: |        S+o + E .|
[   53.895900] cloud-init[653]: |        =.+* o .o|
         Starting Snap Daemon...
[   53.926251] cloud-init[[0;32m  OK  [0m] Started Permit User Sessions.
[653]: |       + Bo=B +B |
[   54.054789] cloud-init[653]: |        B B=oBX.=|
[   54.156976] cloud-init[653]: |       . =*B**.= |
[   54.163192] cloud-init[653]: +----[SHA256]-----+
[   54.171850] cloud-init[653]: Generating public/private ed25519 key pair.
[   54.205652] cloud-init[653]: Your identification has been saved in /etc/ssh/ssh_host_ed25519_key.
[   54.257923] cloud-init[653]: Your public key has been saved in /etc/ssh/ssh_host_ed25519_key.pub.
[   54.307048] cloud-init[653]: The key fingerprint is:
[   54.313850] cloud-init[653]: SHA256:AGSwQvTXxlK8ZPbn5IP3FQ+Gb3RncMWK7BZ+jlQ4bNE root@ubuntu-bionic
         Starting Authorization Manager...
[   54.385497] cloud-init[653]: The key's randomart image is:
[   54.424551] cloud-init[653]: +--[ED25519 256]--+
[   54.469304] cloud-init[653]: |.o.o+ ..     . .o|
[   54.469642] cloud-init[653]: |. .o .+=    . E o|
[   54.469830] cloud-init[653]: |. .. o=+o  o = + |
[   54.470045] cloud-init[653]: | .  . oo . oX *.+|
         Starting Terminate Plymouth Boot Screen...
[   54.470567] cloud-init[653]: |        S *+ B ++|
[   54.509836] cloud-init[653]: |         . == +..|
[   54.535212] cloud-init[653]: |          .oo=.  |
[   54.578580] cloud-init[653]: |            ...  |
         Starting Hold until boot process finishes up...
[[0;32m  OK  [0m] Started System Logging Service.
[   54.595803] cloud-init[653]: |                 |
[[0;32m  OK  [0m] Started Terminate Plymouth Boot Screen.
[[0;32m  OK  [0m] Started Hold until boot process finishes up.
[   54.690261] cloud-init[653]: +----[SHA256]-----+
         Starting Set console scheme...
[[0;32m  OK  [0m] Started Serial Getty on ttyS0.
[[0;32m  OK  [0m] Started LSB: automatic crash report generation.
[[0;32m  OK  [0m] Started Set console scheme.
[[0;32m  OK  [0m] Created slice system-getty.slice.
[[0;32m  OK  [0m] Started Getty on tty1.
[[0;32m  OK  [0m] Reached target Login Prompts.
[[0;32m  OK  [0m] Started LSB: Record successful boot for GRUB.
[[0;32m  OK  [0m] Started Login Service.
[[0;32m  OK  [0m] Started Unattended Upgrades Shutdown.
[[0;32m  OK  [0m] Started Authorization Manager.
[[0;32m  OK  [0m] Started Accounts Service.
[[0;32m  OK  [0m] Started Virtualbox guest utils.
[[0;32m  OK  [0m] Started LXD - container startup/shutdown.
[[0;32m  OK  [0m] Started Dispatcher daemon for systemd-networkd.
[[0;32m  OK  [0m] Started Pollinate to seed the pseudo random number generator.
         Starting OpenBSD Secure Shell server...
[[0;32m  OK  [0m] Started OpenBSD Secure Shell server.
[[0;32m  OK  [0m] Started Snap Daemon.
         Starting Wait until snapd is fully seeded...

Ubuntu 18.04.5 LTS ubuntu-bionic ttyS0

ubuntu-bionic login: [   67.706331] cloud-init[975]: Cloud-init v. 21.1-19-gbad84ad4-0ubuntu1~18.04.1 running 'modules:config' at Thu, 06 May 2021 20:19:26 +0000. Up 64.14 seconds.
ci-info: no authorized SSH keys fingerprints found for user ubuntu.
<14>May  6 20:19:34 ec2: 
<14>May  6 20:19:34 ec2: #############################################################
<14>May  6 20:19:34 ec2: -----BEGIN SSH HOST KEY FINGERPRINTS-----
<14>May  6 20:19:34 ec2: 1024 SHA256:qQFRNFCMtH8aKQHY0u466fesFgj0EDlydRvYdFIQwSc root@ubuntu-bionic (DSA)
<14>May  6 20:19:34 ec2: 256 SHA256:d5Y78PoJufIrlG9/J412klbt6CrxguG0VuTeuHWjkRc root@ubuntu-bionic (ECDSA)
<14>May  6 20:19:34 ec2: 256 SHA256:AGSwQvTXxlK8ZPbn5IP3FQ+Gb3RncMWK7BZ+jlQ4bNE root@ubuntu-bionic (ED25519)
<14>May  6 20:19:34 ec2: 2048 SHA256:AjIGvU5KsSE7hb49djjmu2BSdgLb6MAw2MbcTH1FW4M root@ubuntu-bionic (RSA)
<14>May  6 20:19:34 ec2: -----END SSH HOST KEY FINGERPRINTS-----
<14>May  6 20:19:34 ec2: #############################################################
-----BEGIN SSH HOST KEY KEYS-----
ecdsa-sha2-nistp256 AAAAE2VjZHNhLXNoYTItbmlzdHAyNTYAAAAIbmlzdHAyNTYAAABBBLDBluvnWAAtl09BsVZfq7RxDC6zgvVEI2Un8UfgeFEYPMUaKnIbXspXwOEOlyvWEmjuVfx8jlf10Wn7uvSPWRE= root@ubuntu-bionic
ssh-ed25519 AAAAC3NzaC1lZDI1NTE5AAAAIL+5XF2QM/6wtAs95mLjdSy2iS/GLsB8PMykJeNRthrv root@ubuntu-bionic
ssh-rsa AAAAB3NzaC1yc2EAAAADAQABAAABAQC3fqX9H6ylZGLneVWocacmVUEyznDR9X2KgUMlKcuh9QLZ0i5AQ3M4PeJEB8v7/kshMqWvBBkTcJYp+SfDrKPNP/OwCdhg4fQXgNn4TM5NPnzFPtILraADVy0gqJpt0fX/cQrUPxUTV3Jo2W4LIVettIa4a/moTlsxFZYLH651GYR6rmsNZpZ7eHz6k5UAPI8oQUmMrr/XPXvzEKkAVIWUXYv5vh9GVOQXeg9/0oJ7DmRoxDXLgGIVLTpEQ7Fu6wa+x646f/9y1JmzMFfBscn0N4KjrRmcDjtaSxIXWMH9b4a7gjeE69Boe5vZBScvP/C1xiuMM8APQCA+MjBozz3f root@ubuntu-bionic
-----END SSH HOST KEY KEYS-----
[   72.182829] cloud-init[1065]: Cloud-init v. 21.1-19-gbad84ad4-0ubuntu1~18.04.1 running 'modules:final' at Thu, 06 May 2021 20:19:33 +0000. Up 70.95 seconds.
[   72.183070] cloud-init[1065]: ci-info: no authorized SSH keys fingerprints found for user ubuntu.
[   72.183213] cloud-init[1065]: Cloud-init v. 21.1-19-gbad84ad4-0ubuntu1~18.04.1 finished at Thu, 06 May 2021 20:19:34 +0000. Datasource DataSourceNoCloud [seed=/dev/sdb][dsmode=net].  Up 72.14 seconds
[[0;32m  OK  [0m] Closed Load/Save RF Kill Switch Status /dev/rfkill Watch.
[[0;32m  OK  [0m] Stopped target Host and Network Name Lookups.
[[0;32m  OK  [0m] Stopped target Graphical Interface.
         Stopping Availability of block devices...
         Stopping Network Name Resolution...
         Stopping Authorization Manager...
[[0;32m  OK  [0m] Stopped target Timers.
[[0;32m  OK  [0m] Stopped Discard unused blocks once a week.
[[0;32m  OK  [0m] Stopped Daily apt upgrade and clean activities.
[[0;32m  OK  [0m] Stopped Daily Cleanup of Temporary Directories.
[[0;32m  OK  [0m] Stopped Daily apt download activities.
         Stopping Accounts Service...
[[0;32m  OK  [0m] Stopped Message of the Day.
[[0;32m  OK  [0m] Stopped target System Time Synchronized.
[[0;32m  OK  [0m] Stopped target Cloud-init target.
[[0;32m  OK  [0m] Stopped Execute cloud user/final scripts.
[[0;32m  OK  [0m] Stopped Apply the settings specified in cloud-config.
[[0;32m  OK  [0m] Stopped target Cloud-config availability.
[[0;32m  OK  [0m] Stopped target Multi-User System.
         Stopping D-Bus System Message Bus...
[[0;32m  OK  [0m] Stopped target Login Prompts.
         Stopping Getty on tty1...
         Stopping Serial Getty on ttyS0...
         Stopping FUSE filesystem for LXC...
         Stopping LSB: automatic crash report generation...
         Stopping System Logging Service...
         Stopping LSB: Record successful boot for GRUB...
         Stopping Dispatcher daemon for systemd-networkd...
         Stopping LXD - container startup/shutdown...
[[0;32m  OK  [0m] Stopped Wait until snapd is fully seeded.
         Stopping OpenBSD Secure Shell server...
         Stopping Virtualbox guest utils...
         Stopping Login Service...
         Stopping irqbalance daemon...
         Stopping Deferred execution scheduler...
         Stopping Regular background program processing daemon...
[[0;32m  OK  [0m] Unmounted /var/lib/lxcfs.
[[0;32m  OK  [0m] Stopped Network Name Resolution.
[[0;32m  OK  [0m] Stopped Accounts Service.
[[0;32m  OK  [0m] Stopped System Logging Service.
[[0;32m  OK  [0m] Stopped Regular background program processing daemon.
[[0;32m  OK  [0m] Stopped irqbalance daemon.
[[0;32m  OK  [0m] Stopped Dispatcher daemon for systemd-networkd.
[[0;32m  OK  [0m] Stopped Deferred execution scheduler.
[[0;32m  OK  [0m] Stopped Authorization Manager.
[[0;32m  OK  [0m] Stopped Serial Getty on ttyS0.
[[0;32m  OK  [0m] Stopped Getty on tty1.
[[0;32m  OK  [0m] Stopped Login Service.
[[0;32m  OK  [0m] Stopped OpenBSD Secure Shell server.
[[0;32m  OK  [0m] Stopped Availability of block devices.
[[0;32m  OK  [0m] Stopped D-Bus System Message Bus.
[[0;32m  OK  [0m] Stopped FUSE filesystem for LXC.
[[0;32m  OK  [0m] Removed slice system-getty.slice.
         Stopping Permit User Sessions...
[[0;32m  OK  [0m] Removed slice system-serial\x2dgetty.slice.
         Stopping Network Service...
[[0;32m  OK  [0m] Stopped LXD - container startup/shutdown.
[[0;32m  OK  [0m] Stopped Permit User Sessions.
[[0;32m  OK  [0m] Stopped LSB: Record successful boot for GRUB.
[[0;32m  OK  [0m] Stopped LSB: automatic crash report generation.
[[0;32m  OK  [0m] Stopped target Remote File Systems.
[[0;32m  OK  [0m] Stopped target User and Group Name Lookups.
[[0;32m  OK  [0m] Stopped Network Service.
[[0;32m  OK  [0m] Stopped target Network (Pre).
[[0;32m  OK  [0m] Stopped Virtualbox guest utils.
[[0;32m  OK  [0m] Stopped target Basic System.
[[0;32m  OK  [0m] Stopped target Paths.
[[0;32m  OK  [0m] Stopped ACPI Events Check.
[[0;32m  OK  [0m] Stopped target Slices.
[[0;32m  OK  [0m] Removed slice User and Session Slice.
[[0;32m  OK  [0m] Stopped target Sockets.
[[0;32m  OK  [0m] Closed UUID daemon activation socket.
[[0;32m  OK  [0m] Closed LXD - unix socket.
[[0;32m  OK  [0m] Closed Socket activation for snappy daemon.
[[0;32m  OK  [0m] Closed D-Bus System Message Bus Socket.
[[0;32m  OK  [0m] Closed ACPID Listen Socket.
[[0;32m  OK  [0m] Closed Open-iSCSI iscsid Socket.
[[0;32m  OK  [0m] Stopped target System Initialization.
[[0;32m  OK  [0m] Stopped target Swap.
[[0;32m  OK  [0m] Stopped Initial cloud-init job (metadata service crawler).
[[0;32m  OK  [0m] Stopped target Local Encrypted Volumes.
[[0;32m  OK  [0m] Stopped Dispatch Password Requests to Console Directory Watch.
[[0;32m  OK  [0m] Stopped Forward Password Requests to Wall Directory Watch.
[[0;32m  OK  [0m] Stopped Initial cloud-init job (pre-networking).
[[0;32m  OK  [0m] Stopped Commit a transient machine-id on disk.
         Stopping Load/Save Random Seed...
[[0;32m  OK  [0m] Stopped Apply Kernel Variables.
[[0;32m  OK  [0m] Stopped Load Kernel Modules.
         Stopping Update UTMP about System Boot/Shutdown...
[[0;32m  OK  [0m] Closed Syslog Socket.
[[0;32m  OK  [0m] Stopped Load/Save Random Seed.
[[0;32m  OK  [0m] Stopped Update UTMP about System Boot/Shutdown.
[[0;32m  OK  [0m] Stopped Create Volatile Files and Directories.
[[0;32m  OK  [0m] Stopped target Local File Systems.
         Unmounting /vagrant...
[[0;32m  OK  [0m] Unmounted /vagrant.
[[0;32m  OK  [0m] Reached target Unmount All Filesystems.
[[0;32m  OK  [0m] Stopped target Local File Systems (Pre).
[[0;32m  OK  [0m] Stopped Create Static Device Nodes in /dev.
         Stopping Monitoring of LVM2 mirrors…ng dmeventd or progress polling...
[[0;32m  OK  [0m] Stopped Remount Root and Kernel File Systems.
[[0;32m  OK  [0m] Stopped target Remote File Systems (Pre).
[[0;32m  OK  [0m] Reached target Shutdown.
[[0;32m  OK  [0m] Reached target Final Step.
         Starting Power-Off...
[[0;32m  OK  [0m] Stopped Monitoring of LVM2 mirrors,…sing dmeventd or progress polling.
[45108.316588] reboot: Power down
